root@ali-virtual-machine:/home/ali/git/Linux/Migrate to Linux/Linux Mint (Ubuntu)# ./apply_settings.sh

==============================================================================
  apply_settings.sh — Windows → Linux settings migration
==============================================================================

  Script dir : /home/ali/git/Linux/Migrate to Linux/Linux Mint (Ubuntu)
  CSV file   : /home/ali/git/Linux/Migrate to Linux/windows_configs.csv

Loaded 10 built-in config mappings.

Reading settings from windows_configs.csv...

Found 10 config rows to process.

------------------------------------------------------------------------------
[Power] lid_close_on_ac
  Windows value: unknown
  Notes: logind.conf: HandleLidSwitchExternalPower=suspend

  [INFO]  Windows 'unknown' → logind HandleLidSwitchExternalPower=suspend
  [OK]    removed old HandleLidSwitchExternalPower= from logind.conf
  [OK]    wrote HandleLidSwitchExternalPower=suspend → /etc/systemd/logind.conf
  [OK]    wrote /etc/systemd/logind.conf.d/50-migrate-lid.conf
  [OK]    restarted systemd-logind
       ok: Power / lid_close_on_ac

------------------------------------------------------------------------------
[Power] lid_close_on_battery
  Windows value: unknown
  Notes: logind.conf: HandleLidSwitch=suspend

  [INFO]  Windows 'unknown' → logind HandleLidSwitch=suspend
  [OK]    removed old HandleLidSwitch= from logind.conf
  [OK]    wrote HandleLidSwitch=suspend → /etc/systemd/logind.conf
  [OK]    wrote /etc/systemd/logind.conf.d/50-migrate-lid.conf
  [OK]    restarted systemd-logind
       ok: Power / lid_close_on_battery

------------------------------------------------------------------------------
[Display] resolution
  Windows value: 2560x1600
  Notes: xrandr / GNOME Settings > Displays

  [INFO]  Windows was using 2560x1600
  [OK]    primary display: Virtual1
  [OK]    set resolution: Virtual1 → 2560x1600
       ok: Display / resolution

------------------------------------------------------------------------------
[Display] scaling
  Windows value: 150%
  Notes: GNOME text-scaling-factor (system-wide dconf, all users)

  [INFO]  Windows was at 150% → scale factor 1.50 (applied for all users)
  [OK]    set text-scaling-factor=1.50 (all users)
  [OK]    set scaling-factor=1 (all users)
       ok: Display / scaling

------------------------------------------------------------------------------
[Keyboard] layout
  Windows value: English (United States) (en-US)
  Notes: setxkbmap / localectl set-x11-keymap

  [INFO]  Windows layout: English (United States) (en-US)
  [INFO]  Windows input methods: en-US, fa
  [INFO]  mapped to XKB: us,ir
  [INFO]  localectl unavailable/failed — writing keyboard config files directly
  [OK]    updated XKBLAYOUT in /etc/default/keyboard (all users)
  [OK]    wrote /etc/X11/xorg.conf.d/00-keyboard.conf (all users)
  [OK]    setxkbmap us,ir (current session)
       ok: Keyboard / layout

------------------------------------------------------------------------------
[Keyboard] shortcuts_note
  Windows value: Ctrl+C/V/X/Z = Copy/Paste/Cut/Undo ; Win+E = File Explorer ; Win+L = Lock screen ; Win+D = Show desktop ; Win+R = Run dialog ; Alt+Tab = Switch windows ; Ctrl+Shift+Esc = Task Manager ; Win+Shift+S = Screenshot snipping
  Notes: Map to GNOME/KDE equivalents in apply_settings.sh

  [INFO]  Windows shortcuts detected:
  [INFO]    Ctrl+C/V/X/Z = Copy/Paste/Cut/Undo
  [INFO]    Win+E = File Explorer
  [INFO]    Win+L = Lock screen
  [INFO]    Win+D = Show desktop
  [INFO]    Win+R = Run dialog
  [INFO]    Alt+Tab = Switch windows
  [INFO]    Ctrl+Shift+Esc = Task Manager
  [INFO]    Win+Shift+S = Screenshot snipping
  [OK]    common Linux shortcut equivalents:
    Win+E (File Explorer)    → Super+E
    Win+L (Lock)             → Super+L
    Win+D (Desktop)          → Super+D
    Win+R (Run)              → Alt+F2
    Alt+Tab (Switch)         → Alt+Tab (same)
    Ctrl+Shift+Esc (TaskMgr) → Ctrl+Alt+Del
    Win+Shift+S (Screenshot) → PrtSc
    Copy/Paste/Cut/Undo      → Ctrl+C/V/X/Z (same)
       ok: Keyboard / shortcuts_note

------------------------------------------------------------------------------
[Telemetry] telemetry_level
  Windows value: Full
  Notes: Disable telemetry: mask telemetry in /etc/hosts + disable services

  [INFO]  Windows telemetry was: Full
  [INFO]  disabling Linux telemetry...
  [INFO]  not present: whoopsie
  [INFO]  not present: apport
  [OK]    disabled & masked: apt-daily-upgrade.timer
  [OK]    disabled & masked: apt-daily.timer
  [OK]    disabled & masked: motd-news.timer
  [OK]    disabled & masked: packagekit
       ok: Telemetry / telemetry_level

------------------------------------------------------------------------------
[Telemetry] location_service
  Windows value: enabled
  Notes: Disable location: systemctl disable geoclue + gnome-control-center

  [INFO]  Windows location service: enabled
  [OK]    disabled & masked: geoclue
  [OK]    location services disabled for all users (dconf)
       ok: Telemetry / location_service

------------------------------------------------------------------------------
[AutoUpdate] install_service_files
  Windows value: system_update
  Notes: Install system_update.service + system_update.timer from the repo (see Scheduled systemd Automatic Update/Debian/service files/)

  [INFO]  installing system_update.service + system_update.timer
  [OK]    source dir: /home/ali/git/Linux/Scheduled systemd Automatic Update/Debian/service files
  [OK]    copied: system_update.service
  [OK]    copied: system_update.timer
  [OK]    daemon-reload
  [OK]    enabled system_update.timer
  [OK]    started system_update.timer
       ok: AutoUpdate / install_service_files

------------------------------------------------------------------------------
[Screen] lock_screen_timeout
  Windows value: 10 min
  Notes: GNOME (system-wide dconf, all users): session idle-delay + screensaver lock-enabled; "never" => disable lock & blanking

  [INFO]  Windows screen-lock timeout: 10 min (applied for all users)
  [INFO]  → lock after 600s for all users
  [OK]    idle-delay=600s — all users
  [OK]    screensaver lock-enabled=true — all users
  [OK]    lock-delay=0 (lock immediately on blank) — all users
       ok: Screen / lock_screen_timeout


==============================================================================
  SUMMARY
==============================================================================

  Applied successfully: 10
    ✅ Power / lid_close_on_ac
    ✅ Power / lid_close_on_battery
    ✅ Display / resolution
    ✅ Display / scaling
    ✅ Keyboard / layout
    ✅ Keyboard / shortcuts_note
    ✅ Telemetry / telemetry_level
    ✅ Telemetry / location_service
    ✅ AutoUpdate / install_service_files
    ✅ Screen / lock_screen_timeout

  Done.
  ALL USERS: GNOME settings (scaling, location, lock-screen timeout) were
             written as system-wide dconf defaults in /etc/dconf/db/local.d,
             so they apply to every user on the next login. logind/systemd/
             localectl/APT changes are system-wide by nature.
  NOTE: A reboot (or at least re-login) is recommended to fully apply
        display scaling, lock-screen timeout, logind.conf changes, and groups.

